<?xml version="1.0" encoding="UTF-8"?>
<!-- Generated by org.testng.reporters.JUnitReportReporter -->
<testsuite hostname="DESKTOP-TM236BS" failures="0" tests="1" name="com.crm.vtiger.Tests.TC_12_CreatNewLeadByGivingInvalidInputToAnnualRevenue" time="26.949" errors="0" timestamp="2021-05-04T19:49:51 IST" skipped="0">
  <testcase classname="com.crm.vtiger.Tests.TC_12_CreatNewLeadByGivingInvalidInputToAnnualRevenue" name="tc_12_CreatNewLeadByGivingInvalidInputToAnnualRevenue_Test" time="26.949"/>
  <system-out/>
</testsuite> <!-- com.crm.vtiger.Tests.TC_12_CreatNewLeadByGivingInvalidInputToAnnualRevenue -->
