<?xml version="1.0" encoding="UTF-8"?>
<!-- Generated by org.testng.reporters.JUnitReportReporter -->
<testsuite hostname="DESKTOP-TM236BS" failures="0" tests="1" name="com.crm.webTable.CaptureDynamicWebTable" time="13.639" errors="0" timestamp="2021-04-27T12:23:18 IST" skipped="0">
  <testcase classname="com.crm.webTable.CaptureDynamicWebTable" name="CaptureOrgName" time="13.639"/>
  <system-out/>
</testsuite> <!-- com.crm.webTable.CaptureDynamicWebTable -->
