<?xml version="1.0" encoding="UTF-8"?>
<!-- Generated by org.testng.reporters.JUnitReportReporter -->
<testsuite hostname="DESKTOP-TM236BS" failures="0" tests="1" name="com.crm.webTable.ClickOnLastCheckBox" time="13.845" errors="0" timestamp="2021-04-27T12:35:35 IST" skipped="0">
  <testcase classname="com.crm.webTable.ClickOnLastCheckBox" name="CaptureOrgName" time="13.845"/>
  <system-out/>
</testsuite> <!-- com.crm.webTable.ClickOnLastCheckBox -->
