<?xml version="1.0" encoding="UTF-8"?>
<!-- Generated by org.testng.reporters.JUnitReportReporter -->
<testsuite hostname="DESKTOP-TM236BS" failures="0" tests="1" name="com.crm.fetchData.ValidateDatd" time="0.804" errors="0" timestamp="2021-04-26T15:52:34 IST" skipped="0">
  <testcase classname="com.crm.fetchData.ValidateDatd" name="validate" time="0.804"/>
  <system-out/>
</testsuite> <!-- com.crm.fetchData.ValidateDatd -->
