<?xml version="1.0" encoding="UTF-8"?>
<!-- Generated by org.testng.reporters.JUnitReportReporter -->
<testsuite hostname="DESKTOP-TM236BS" failures="0" tests="1" name="com.crm.fetchData.DatabaseUtils" time="0.481" errors="0" timestamp="2021-04-27T09:49:29 IST" skipped="0">
  <testcase classname="com.crm.fetchData.DatabaseUtils" name="getExecuteQuery" time="0.481"/>
  <system-out/>
</testsuite> <!-- com.crm.fetchData.DatabaseUtils -->
