<?xml version="1.0" encoding="UTF-8"?>
<!-- Generated by org.testng.reporters.JUnitReportReporter -->
<testsuite hostname="DESKTOP-TM236BS" failures="0" tests="1" name="com.crm.fetchData.UpdateExecute2" time="0.654" errors="0" timestamp="2021-04-26T15:11:12 IST" skipped="0">
  <testcase classname="com.crm.fetchData.UpdateExecute2" name="getExecuteQuery" time="0.654"/>
  <system-out/>
</testsuite> <!-- com.crm.fetchData.UpdateExecute2 -->
