<?xml version="1.0" encoding="UTF-8"?>
<!-- Generated by org.testng.reporters.JUnitReportReporter -->
<testsuite hostname="DESKTOP-TM236BS" failures="0" tests="1" name="com.crm.VtigerTests.CreateOrganisationTest" time="23.771" errors="0" timestamp="2021-04-28T12:07:14 IST" skipped="0">
  <testcase classname="com.crm.VtigerTests.CreateOrganisationTest" name="createOrganistion" time="23.771"/>
  <system-out/>
</testsuite> <!-- com.crm.VtigerTests.CreateOrganisationTest -->
