<?xml version="1.0" encoding="UTF-8"?>
<!-- Generated by org.testng.reporters.JUnitReportReporter -->
<testsuite hostname="DESKTOP-TM236BS" failures="0" tests="1" name="com.crm.webTable.ClearTripCalender" time="12.307" errors="0" timestamp="2021-04-27T16:55:08 IST" skipped="0">
  <testcase classname="com.crm.webTable.ClearTripCalender" name="calender" time="12.307"/>
  <system-out/>
</testsuite> <!-- com.crm.webTable.ClearTripCalender -->
