<?xml version="1.0" encoding="UTF-8"?>
<!-- Generated by org.testng.reporters.JUnitReportReporter -->
<testsuite hostname="DESKTOP-TM236BS" failures="0" tests="1" name="com.crm.vtiger.Tests.TC_11_CreatNewLeadByGivingValidInputToAnnualRevenueTest" time="42.732" errors="0" timestamp="2021-05-06T07:49:44 IST" skipped="0">
  <testcase classname="com.crm.vtiger.Tests.TC_11_CreatNewLeadByGivingValidInputToAnnualRevenueTest" name="tc_11_CreatNewLeadByGivingValidInputToAnnualRevenue_Test" time="42.732"/>
  <system-out>
PASS :: New lead is created with unique Lead No  </system-out>
</testsuite> <!-- com.crm.vtiger.Tests.TC_11_CreatNewLeadByGivingValidInputToAnnualRevenueTest -->
