<?xml version="1.0" encoding="UTF-8"?>
<!-- Generated by org.testng.reporters.JUnitReportReporter -->
<testsuite hostname="DESKTOP-TM236BS" failures="0" tests="1" name="com.crm.vtiger.Tests.TC_11_CreatNewLeadByGivingValidInputToAnnualRevenueTest2" time="23.755" errors="0" timestamp="2021-04-29T13:09:49 IST" skipped="0">
  <testcase classname="com.crm.vtiger.Tests.TC_11_CreatNewLeadByGivingValidInputToAnnualRevenueTest2" name="tc_11_CreatNewLeadByGivingValidInputToAnnualRevenue_Test" time="23.755"/>
  <system-out/>
</testsuite> <!-- com.crm.vtiger.Tests.TC_11_CreatNewLeadByGivingValidInputToAnnualRevenueTest2 -->
