<?xml version="1.0" encoding="UTF-8"?>
<!-- Generated by org.testng.reporters.JUnitReportReporter -->
<testsuite hostname="DESKTOP-TM236BS" failures="0" tests="1" name="com.crm.VtigerTests.CreateContactandOrganistion" time="44.470" errors="0" timestamp="2021-04-28T13:02:58 IST" skipped="0">
  <testcase classname="com.crm.VtigerTests.CreateContactandOrganistion" name="createContactandOrg" time="44.470"/>
  <system-out/>
</testsuite> <!-- com.crm.VtigerTests.CreateContactandOrganistion -->
