<?xml version="1.0" encoding="UTF-8"?>
<!-- Generated by org.testng.reporters.JUnitReportReporter -->
<testsuite hostname="DESKTOP-TM236BS" failures="0" tests="1" name="com.crm.webTable.ClickOnAllCheckBox2" time="13.579" errors="0" timestamp="2021-04-27T14:16:22 IST" skipped="0">
  <testcase classname="com.crm.webTable.ClickOnAllCheckBox2" name="CaptureOrgName" time="13.579"/>
  <system-out/>
</testsuite> <!-- com.crm.webTable.ClickOnAllCheckBox2 -->
