<?xml version="1.0" encoding="UTF-8"?>
<!-- Generated by org.testng.reporters.JUnitReportReporter -->
<testsuite hostname="DESKTOP-TM236BS" failures="0" tests="1" name="com.crm.webTable.DeleteOrganisation" time="17.789" errors="0" timestamp="2021-04-27T15:35:27 IST" skipped="0">
  <testcase classname="com.crm.webTable.DeleteOrganisation" name="CaptureOrgName" time="17.789"/>
  <system-out/>
</testsuite> <!-- com.crm.webTable.DeleteOrganisation -->
