<?xml version="1.0" encoding="UTF-8"?>
<!-- Generated by org.testng.reporters.JUnitReportReporter -->
<testsuite hostname="DESKTOP-TM236BS" failures="0" tests="1" name="com.crm.VtigerTests.CreateOrganisationWithIndustry" time="17.377" errors="0" timestamp="2021-04-28T11:59:54 IST" skipped="0">
  <testcase classname="com.crm.VtigerTests.CreateOrganisationWithIndustry" name="createOrganisationwithIndustry" time="17.377"/>
  <system-out/>
</testsuite> <!-- com.crm.VtigerTests.CreateOrganisationWithIndustry -->
